<?xml version="1.0" encoding="UTF-8"?>
<!-- Generated by org.testng.reporters.JUnitReportReporter -->
<testsuite hostname="MC0XYC9C" name="pages.NewTest" tests="1" failures="0" timestamp="21 Nov 2018 07:55:47 GMT" time="24.912" errors="0">
  <testcase name="f" time="24.912" classname="pages.NewTest"/>
</testsuite> <!-- pages.NewTest -->
